{
  "RSpec": {
    "coverage": {
      "/Users/junior/Documents/workspace_rails/agenda_cultural/spec/controllers/events_controller_spec.rb": [
        1,
        null,
        1,
        null,
        1,
        null,
        1,
        1,
        1,
        null,
        null,
        1,
        1,
        1,
        null,
        null,
        null,
        1,
        null,
        1,
        null,
        1,
        1,
        1,
        null,
        1,
        1,
        null,
        null,
        1,
        null,
        1,
        1,
        1,
        null,
        1,
        1,
        1,
        1,
        null,
        null,
        null,
        null,
        null,
        null,
        null,
        null,
        null,
        null,
        null,
        null,
        null,
        null,
        null,
        null,
        null,
        null,
        null,
        null,
        null,
        null,
        null,
        null,
        null
      ],
      "/Users/junior/Documents/workspace_rails/agenda_cultural/spec/rails_helper.rb": [
        null,
        1,
        1,
        null,
        1,
        1,
        1,
        1,
        null,
        null,
        null,
        null,
        null,
        null,
        null,
        null,
        null,
        null,
        null,
        null,
        null,
        null,
        null,
        null,
        null,
        null,
        null,
        null,
        1,
        1,
        1,
        1,
        null,
        null,
        null,
        1,
        null,
        1,
        null,
        1,
        null,
        null,
        1,
        null,
        null,
        null,
        null,
        1,
        null,
        null,
        null,
        null,
        null,
        null,
        null,
        null,
        null,
        null,
        null,
        null,
        null,
        null,
        1,
        null,
        null,
        1,
        null,
        null,
        null,
        null,
        1,
        null
      ],
      "/Users/junior/Documents/workspace_rails/agenda_cultural/config/environment.rb": [
        null,
        1,
        null,
        null,
        1
      ],
      "/Users/junior/Documents/workspace_rails/agenda_cultural/config/application.rb": [
        1,
        null,
        1,
        null,
        null,
        null,
        1,
        null,
        1,
        1,
        null,
        null,
        null,
        null,
        null,
        null,
        null,
        null,
        null,
        null,
        null,
        null,
        null,
        1,
        null,
        null
      ],
      "/Users/junior/Documents/workspace_rails/agenda_cultural/config/boot.rb": [
        1,
        null,
        1
      ],
      "/Users/junior/Documents/workspace_rails/agenda_cultural/config/environments/test.rb": [
        1,
        null,
        null,
        null,
        null,
        null,
        null,
        1,
        null,
        null,
        null,
        null,
        1,
        null,
        null,
        1,
        1,
        null,
        null,
        1,
        1,
        null,
        null,
        1,
        null,
        null,
        1,
        null,
        null,
        null,
        null,
        1,
        null,
        null,
        1,
        null,
        null,
        1,
        null,
        null,
        null,
        null
      ],
      "/Users/junior/Documents/workspace_rails/agenda_cultural/config/initializers/assets.rb": [
        null,
        null,
        null,
        1,
        null,
        null,
        null,
        null,
        null,
        null,
        null
      ],
      "/Users/junior/Documents/workspace_rails/agenda_cultural/config/initializers/backtrace_silencers.rb": [
        null,
        null,
        null,
        null,
        null,
        null,
        null
      ],
      "/Users/junior/Documents/workspace_rails/agenda_cultural/config/initializers/cookies_serializer.rb": [
        null,
        null,
        1
      ],
      "/Users/junior/Documents/workspace_rails/agenda_cultural/config/initializers/filter_parameter_logging.rb": [
        null,
        null,
        null,
        1
      ],
      "/Users/junior/Documents/workspace_rails/agenda_cultural/config/initializers/inflections.rb": [
        null,
        null,
        null,
        null,
        null,
        null,
        null,
        null,
        null,
        null,
        null,
        null,
        null,
        null,
        null,
        null
      ],
      "/Users/junior/Documents/workspace_rails/agenda_cultural/config/initializers/mime_types.rb": [
        null,
        null,
        null,
        null
      ],
      "/Users/junior/Documents/workspace_rails/agenda_cultural/config/initializers/session_store.rb": [
        null,
        null,
        1
      ],
      "/Users/junior/Documents/workspace_rails/agenda_cultural/config/initializers/wrap_parameters.rb": [
        null,
        null,
        null,
        null,
        null,
        null,
        1,
        1,
        null,
        null,
        null,
        null,
        null,
        null
      ],
      "/Users/junior/Documents/workspace_rails/agenda_cultural/spec/factories/events.rb": [
        1,
        1,
        7,
        1,
        7,
        1,
        7,
        1,
        1,
        1,
        1,
        7,
        1,
        null,
        null,
        1,
        1,
        1,
        1,
        1,
        null,
        null,
        null
      ],
      "/Users/junior/Documents/workspace_rails/agenda_cultural/config/routes.rb": [
        1,
        null,
        1,
        1,
        1,
        null,
        null,
        null,
        null,
        null,
        null,
        null,
        null,
        null,
        null,
        null,
        null,
        null,
        null,
        null,
        null,
        null,
        null,
        null,
        null,
        null,
        null,
        null,
        null,
        null,
        null,
        null,
        null,
        null,
        null,
        null,
        null,
        null,
        null,
        null,
        null,
        null,
        null,
        null,
        null,
        null,
        null,
        null,
        null,
        null,
        null,
        null,
        null,
        null,
        null,
        null,
        null,
        null,
        null,
        null,
        null
      ],
      "/Users/junior/Documents/workspace_rails/agenda_cultural/app/helpers/application_helper.rb": [
        1,
        null
      ],
      "/Users/junior/Documents/workspace_rails/agenda_cultural/app/helpers/events_helper.rb": [
        1,
        null
      ],
      "/Users/junior/Documents/workspace_rails/agenda_cultural/app/controllers/events_controller.rb": [
        1,
        null,
        1,
        2,
        null,
        null,
        1,
        2,
        null,
        null,
        null,
        null,
        null,
        null,
        null,
        null,
        1,
        null,
        null,
        null,
        null,
        null
      ],
      "/Users/junior/Documents/workspace_rails/agenda_cultural/app/controllers/application_controller.rb": [
        1,
        null,
        null,
        1,
        null
      ],
      "/Users/junior/Documents/workspace_rails/agenda_cultural/app/models/event.rb": [
        1,
        1,
        1,
        1,
        1,
        1,
        null,
        1,
        1,
        null,
        1,
        null,
        1,
        6,
        null,
        null,
        1,
        6,
        null,
        null
      ]
    },
    "timestamp": 1453754242
  }
}
